<?xml version="1.0" encoding="UTF-8"?>
<!-- Generated by org.testng.reporters.JUnitReportReporter -->
<testsuite failures="0" tests="1" name="amazon_auto1.Amazonmethods" time="39.654" errors="0" timestamp="2023-07-22T22:47:25 IST" skipped="0">
  <testcase classname="amazon_auto1.Amazonmethods" name="allmethod" time="39.654"/>
</testsuite> <!-- amazon_auto1.Amazonmethods -->
