<?xml version="1.0" encoding="UTF-8"?>
<!-- Generated by org.testng.reporters.JUnitReportReporter -->
<testsuite failures="0" tests="1" name="cust_report.test1rep" time="7.669" errors="0" timestamp="2023-07-21T19:36:36 IST" skipped="0">
  <testcase classname="cust_report.test1rep" name="f" time="7.669"/>
</testsuite> <!-- cust_report.test1rep -->
