<?xml version="1.0" encoding="UTF-8"?>
<!-- Generated by org.testng.reporters.JUnitReportReporter -->
<testsuite failures="0" tests="1" name="cust_report.NewTest2" time="8.595" errors="0" timestamp="2023-07-21T19:23:45 IST" skipped="0">
  <testcase classname="cust_report.NewTest2" name="f" time="8.595"/>
</testsuite> <!-- cust_report.NewTest2 -->
