<?xml version="1.0" encoding="UTF-8"?>
<!-- Generated by org.testng.reporters.JUnitReportReporter -->
<testsuite failures="0" tests="1" name="amazonfullauto.amazonfullauto" time="113.901" errors="0" timestamp="2023-07-30T15:58:52 IST" skipped="0">
  <testcase classname="amazonfullauto.amazonfullauto" name="amazontest" time="113.901"/>
</testsuite> <!-- amazonfullauto.amazonfullauto -->
