<?xml version="1.0" encoding="UTF-8"?>
<!-- Generated by org.testng.reporters.JUnitReportReporter -->
<testsuite failures="0" tests="1" name="amazon_auto1.NewTest" time="5.026" errors="0" timestamp="2023-07-18T22:42:50 IST" skipped="0">
  <testcase classname="amazon_auto1.NewTest" name="openbrowser" time="5.026"/>
</testsuite> <!-- amazon_auto1.NewTest -->
